<?xml version="1.0" encoding="UTF-8"?>
<!-- Generated by org.testng.reporters.JUnitReportReporter -->
<testsuite skipped="0" hostname="yaopengs-Air.tcloud.moe" name="testNG.NewTest" tests="18" failures="0" timestamp="07 一月 2019 07:48:59 GMT" time="1.442" errors="0">
  <testcase name="testIsLeapYear" time="0.002" classname="testNG.NewTest"/>
  <testcase name="testDateIsValid" time="0.002" classname="testNG.NewTest"/>
  <testcase name="testDaysBetween" time="0.001" classname="testNG.NewTest"/>
  <testcase name="testIsLeapYear" time="0.003" classname="testNG.NewTest"/>
  <testcase name="testDateIsValid" time="0.003" classname="testNG.NewTest"/>
  <testcase name="testDaysBetween" time="0.026" classname="testNG.NewTest"/>
  <testcase name="testIsLeapYear" time="0.001" classname="testNG.NewTest"/>
  <testcase name="testDaysBetween" time="0.002" classname="testNG.NewTest"/>
  <testcase name="testDateIsValid" time="0.003" classname="testNG.NewTest"/>
  <testcase name="testCalculate" time="0.013" classname="testNG.NewTest"/>
  <testcase name="testInput" time="1.372" classname="testNG.NewTest"/>
  <testcase name="testDaysBetween" time="0.002" classname="testNG.NewTest"/>
  <testcase name="testDateIsValid" time="0.001" classname="testNG.NewTest"/>
  <testcase name="testCalculate" time="0.003" classname="testNG.NewTest"/>
  <testcase name="testDateIsValid" time="0.002" classname="testNG.NewTest"/>
  <testcase name="testDateIsValid" time="0.002" classname="testNG.NewTest"/>
  <testcase name="testIsLeapYear" time="0.002" classname="testNG.NewTest"/>
  <testcase name="testDateIsValid" time="0.002" classname="testNG.NewTest"/>
</testsuite> <!-- testNG.NewTest -->
