<?xml version="1.0" encoding="UTF-8"?>
<!-- Generated by org.testng.reporters.JUnitReportReporter -->
<testsuite hostname="DESKTOP-QTVVLQH" failures="0" tests="14" name="testNG.NewTest" time="1.342" errors="0" timestamp="03 1æœˆ 2019 05:04:28 GMT" skipped="0">
  <testcase classname="testNG.NewTest" name="testDateIsValid" time="0.000"/>
  <testcase classname="testNG.NewTest" name="testDateIsValid" time="0.001"/>
  <testcase classname="testNG.NewTest" name="testIsLeapYear" time="0.003"/>
  <testcase classname="testNG.NewTest" name="testDateIsValid" time="0.001"/>
  <testcase classname="testNG.NewTest" name="testDateIsValid" time="0.001"/>
  <testcase classname="testNG.NewTest" name="testDateIsValid" time="0.000"/>
  <testcase classname="testNG.NewTest" name="testCalculate" time="0.008"/>
  <testcase classname="testNG.NewTest" name="testCalculate" time="0.001"/>
  <testcase classname="testNG.NewTest" name="testIsLeapYear" time="0.003"/>
  <testcase classname="testNG.NewTest" name="testDateIsValid" time="0.000"/>
  <testcase classname="testNG.NewTest" name="testIsLeapYear" time="0.003"/>
  <testcase classname="testNG.NewTest" name="testInput" time="1.317"/>
  <testcase classname="testNG.NewTest" name="testIsLeapYear" time="0.003"/>
  <testcase classname="testNG.NewTest" name="testDateIsValid" time="0.001"/>
</testsuite> <!-- testNG.NewTest -->
